Flow report for robot_top
Thu Jun 08 21:03:32 2017
Quartus II Version 9.0 Build 132 02/25/2009 SJ Full Version


---------------------
; Table of Contents ;
---------------------
  1. Legal Notice
  2. Flow Summary
  3. Flow Settings
  4. Flow Non-Default Global Settings
  5. Flow Elapsed Time
  6. Flow OS Summary
  7. Flow Log



----------------
; Legal Notice ;
----------------
Copyright (C) 1991-2009 Altera Corporation
Your use of Altera Corporation's design tools, logic functions 
and other software and tools, and its AMPP partner logic 
functions, and any output files from any of the foregoing 
(including device programming or simulation files), and any 
associated documentation or information are expressly subject 
to the terms and conditions of the Altera Program License 
Subscription Agreement, Altera MegaCore Function License 
Agreement, or other applicable license agreement, including, 
without limitation, that your use is for the sole purpose of 
programming logic devices manufactured by Altera and sold by 
Altera or its authorized distributors.  Please refer to the 
applicable agreement for further details.



+-------------------------------------------------------------------------------+
; Flow Summary                                                                  ;
+------------------------------------+------------------------------------------+
; Flow Status                        ; Successful - Thu Jun 08 21:03:32 2017    ;
; Quartus II Version                 ; 9.0 Build 132 02/25/2009 SJ Full Version ;
; Revision Name                      ; robot_top                                ;
; Top-level Entity Name              ; robot_top                                ;
; Family                             ; Cyclone II                               ;
; Device                             ; EP2C70F672C8                             ;
; Timing Models                      ; Final                                    ;
; Met timing requirements            ; No                                       ;
; Total logic elements               ; 4,049 / 68,416 ( 6 % )                   ;
;     Total combinational functions  ; 4,003 / 68,416 ( 6 % )                   ;
;     Dedicated logic registers      ; 696 / 68,416 ( 1 % )                     ;
; Total registers                    ; 696                                      ;
; Total pins                         ; 35 / 422 ( 8 % )                         ;
; Total virtual pins                 ; 0                                        ;
; Total memory bits                  ; 462,848 / 1,152,000 ( 40 % )             ;
; Embedded Multiplier 9-bit elements ; 0 / 300 ( 0 % )                          ;
; Total PLLs                         ; 0 / 4 ( 0 % )                            ;
+------------------------------------+------------------------------------------+


+-----------------------------------------+
; Flow Settings                           ;
+-------------------+---------------------+
; Option            ; Setting             ;
+-------------------+---------------------+
; Start date & time ; 06/08/2017 21:01:51 ;
; Main task         ; Compilation         ;
; Revision Name     ; robot_top           ;
+-------------------+---------------------+


+-------------------------------------------------------------------------------------------------------------------------------------------+
; Flow Non-Default Global Settings                                                                                                          ;
+------------------------------------+-------------------------------------------------------+---------------+-------------+----------------+
; Assignment Name                    ; Value                                                 ; Default Value ; Entity Name ; Section Id     ;
+------------------------------------+-------------------------------------------------------+---------------+-------------+----------------+
; COMPILER_SIGNATURE_ID              ; 345052807169.149692691016256                          ; --            ; --          ; --             ;
; EDA_OUTPUT_DATA_FORMAT             ; Vhdl                                                  ; --            ; --          ; eda_simulation ;
; EDA_SIMULATION_TOOL                ; ModelSim-Altera (VHDL)                                ; <None>        ; --          ; --             ;
; MAX_CORE_JUNCTION_TEMP             ; 85                                                    ; --            ; --          ; --             ;
; MIN_CORE_JUNCTION_TEMP             ; 0                                                     ; --            ; --          ; --             ;
; MISC_FILE                          ; D:/code/vhdl/red_packet_robot/robot_top/robot_top.dpf ; --            ; --          ; --             ;
; PARTITION_COLOR                    ; 16764057                                              ; --            ; --          ; Top            ;
; PARTITION_NETLIST_TYPE             ; SOURCE                                                ; --            ; --          ; Top            ;
; USE_GENERATED_PHYSICAL_CONSTRAINTS ; Off                                                   ; --            ; --          ; eda_blast_fpga ;
+------------------------------------+-------------------------------------------------------+---------------+-------------+----------------+


+-----------------------------------------------------------------------------------------------------------------------------+
; Flow Elapsed Time                                                                                                           ;
+-------------------------+--------------+-------------------------+---------------------+------------------------------------+
; Module Name             ; Elapsed Time ; Average Processors Used ; Peak Virtual Memory ; Total CPU Time (on all processors) ;
+-------------------------+--------------+-------------------------+---------------------+------------------------------------+
; Analysis & Synthesis    ; 00:00:23     ; 1.0                     ; 303 MB              ; 00:00:23                           ;
; Fitter                  ; 00:00:30     ; 1.2                     ; 427 MB              ; 00:00:34                           ;
; Assembler               ; 00:00:05     ; 1.0                     ; 374 MB              ; 00:00:05                           ;
; Classic Timing Analyzer ; 00:00:02     ; 1.0                     ; 239 MB              ; 00:00:02                           ;
; EDA Netlist Writer      ; 00:00:03     ; 1.0                     ; 238 MB              ; 00:00:03                           ;
; Total                   ; 00:01:03     ; --                      ; --                  ; 00:01:07                           ;
+-------------------------+--------------+-------------------------+---------------------+------------------------------------+


+------------------------------------------------------------------------------------------+
; Flow OS Summary                                                                          ;
+-------------------------+------------------+---------------+------------+----------------+
; Module Name             ; Machine Hostname ; OS Name       ; OS Version ; Processor type ;
+-------------------------+------------------+---------------+------------+----------------+
; Analysis & Synthesis    ; Karl-Laptop      ; Windows Vista ; 6.2        ; x86_64         ;
; Fitter                  ; Karl-Laptop      ; Windows Vista ; 6.2        ; x86_64         ;
; Assembler               ; Karl-Laptop      ; Windows Vista ; 6.2        ; x86_64         ;
; Classic Timing Analyzer ; Karl-Laptop      ; Windows Vista ; 6.2        ; x86_64         ;
; EDA Netlist Writer      ; Karl-Laptop      ; Windows Vista ; 6.2        ; x86_64         ;
+-------------------------+------------------+---------------+------------+----------------+


------------
; Flow Log ;
------------
quartus_map --read_settings_files=on --write_settings_files=off robot_top -c robot_top
quartus_fit --read_settings_files=off --write_settings_files=off robot_top -c robot_top
quartus_asm --read_settings_files=off --write_settings_files=off robot_top -c robot_top
quartus_tan --read_settings_files=off --write_settings_files=off robot_top -c robot_top --timing_analysis_only
quartus_eda --read_settings_files=off --write_settings_files=off robot_top -c robot_top



