Flow report for ov7670_top
Mon Jun 05 22:00:40 2017
Quartus II Version 9.0 Build 132 02/25/2009 SJ Full Version


---------------------
; Table of Contents ;
---------------------
  1. Legal Notice
  2. Flow Summary
  3. Flow Settings
  4. Flow Non-Default Global Settings
  5. Flow Elapsed Time
  6. Flow OS Summary
  7. Flow Log



----------------
; Legal Notice ;
----------------
Copyright (C) 1991-2009 Altera Corporation
Your use of Altera Corporation's design tools, logic functions 
and other software and tools, and its AMPP partner logic 
functions, and any output files from any of the foregoing 
(including device programming or simulation files), and any 
associated documentation or information are expressly subject 
to the terms and conditions of the Altera Program License 
Subscription Agreement, Altera MegaCore Function License 
Agreement, or other applicable license agreement, including, 
without limitation, that your use is for the sole purpose of 
programming logic devices manufactured by Altera and sold by 
Altera or its authorized distributors.  Please refer to the 
applicable agreement for further details.



+-------------------------------------------------------------------------------+
; Flow Summary                                                                  ;
+------------------------------------+------------------------------------------+
; Flow Status                        ; Successful - Mon Jun 05 22:00:40 2017    ;
; Quartus II Version                 ; 9.0 Build 132 02/25/2009 SJ Full Version ;
; Revision Name                      ; ov7670_top                               ;
; Top-level Entity Name              ; ov7670_top                               ;
; Family                             ; Cyclone II                               ;
; Device                             ; EP2C70F672C8                             ;
; Timing Models                      ; Final                                    ;
; Met timing requirements            ; No                                       ;
; Total logic elements               ; 3,551 / 68,416 ( 5 % )                   ;
;     Total combinational functions  ; 3,514 / 68,416 ( 5 % )                   ;
;     Dedicated logic registers      ; 472 / 68,416 ( < 1 % )                   ;
; Total registers                    ; 472                                      ;
; Total pins                         ; 51 / 422 ( 12 % )                        ;
; Total virtual pins                 ; 0                                        ;
; Total memory bits                  ; 462,848 / 1,152,000 ( 40 % )             ;
; Embedded Multiplier 9-bit elements ; 0 / 300 ( 0 % )                          ;
; Total PLLs                         ; 0 / 4 ( 0 % )                            ;
+------------------------------------+------------------------------------------+


+-----------------------------------------+
; Flow Settings                           ;
+-------------------+---------------------+
; Option            ; Setting             ;
+-------------------+---------------------+
; Start date & time ; 06/05/2017 21:58:54 ;
; Main task         ; Compilation         ;
; Revision Name     ; ov7670_top          ;
+-------------------+---------------------+


+-----------------------------------------------------------------------------------------------------------------------------------------+
; Flow Non-Default Global Settings                                                                                                        ;
+------------------------------------+-----------------------------------------------------+---------------+-------------+----------------+
; Assignment Name                    ; Value                                               ; Default Value ; Entity Name ; Section Id     ;
+------------------------------------+-----------------------------------------------------+---------------+-------------+----------------+
; COMPILER_SIGNATURE_ID              ; 345052807169.149667113333048                        ; --            ; --          ; --             ;
; EDA_OUTPUT_DATA_FORMAT             ; Vhdl                                                ; --            ; --          ; eda_simulation ;
; EDA_SIMULATION_TOOL                ; ModelSim-Altera (VHDL)                              ; <None>        ; --          ; --             ;
; IP_TOOL_NAME                       ; RAM: 2-PORT                                         ; --            ; --          ; --             ;
; IP_TOOL_VERSION                    ; 9.0                                                 ; --            ; --          ; --             ;
; MAX_CORE_JUNCTION_TEMP             ; 85                                                  ; --            ; --          ; --             ;
; MIN_CORE_JUNCTION_TEMP             ; 0                                                   ; --            ; --          ; --             ;
; MISC_FILE                          ; frame_buffer.bsf                                    ; --            ; --          ; --             ;
; MISC_FILE                          ; frame_buffer.cmp                                    ; --            ; --          ; --             ;
; MISC_FILE                          ; C:/Users/kaer/Desktop/jjx_ov_7670/ov7670_top.dpf    ; --            ; --          ; --             ;
; MISC_FILE                          ; D:/code/vhdl/red_packet_robot/camera/ov7670_top.dpf ; --            ; --          ; --             ;
; PARTITION_COLOR                    ; 16764057                                            ; --            ; --          ; Top            ;
; PARTITION_NETLIST_TYPE             ; SOURCE                                              ; --            ; --          ; Top            ;
; USE_GENERATED_PHYSICAL_CONSTRAINTS ; Off                                                 ; --            ; --          ; eda_blast_fpga ;
+------------------------------------+-----------------------------------------------------+---------------+-------------+----------------+


+-----------------------------------------------------------------------------------------------------------------------------+
; Flow Elapsed Time                                                                                                           ;
+-------------------------+--------------+-------------------------+---------------------+------------------------------------+
; Module Name             ; Elapsed Time ; Average Processors Used ; Peak Virtual Memory ; Total CPU Time (on all processors) ;
+-------------------------+--------------+-------------------------+---------------------+------------------------------------+
; Analysis & Synthesis    ; 00:00:22     ; 1.0                     ; 298 MB              ; 00:00:22                           ;
; Fitter                  ; 00:00:33     ; 1.3                     ; 425 MB              ; 00:00:37                           ;
; Assembler               ; 00:00:05     ; 1.0                     ; 373 MB              ; 00:00:05                           ;
; Classic Timing Analyzer ; 00:00:02     ; 1.0                     ; 233 MB              ; 00:00:02                           ;
; EDA Netlist Writer      ; 00:00:03     ; 1.0                     ; 234 MB              ; 00:00:03                           ;
; Total                   ; 00:01:05     ; --                      ; --                  ; 00:01:09                           ;
+-------------------------+--------------+-------------------------+---------------------+------------------------------------+


+------------------------------------------------------------------------------------------+
; Flow OS Summary                                                                          ;
+-------------------------+------------------+---------------+------------+----------------+
; Module Name             ; Machine Hostname ; OS Name       ; OS Version ; Processor type ;
+-------------------------+------------------+---------------+------------+----------------+
; Analysis & Synthesis    ; Karl-Laptop      ; Windows Vista ; 6.2        ; x86_64         ;
; Fitter                  ; Karl-Laptop      ; Windows Vista ; 6.2        ; x86_64         ;
; Assembler               ; Karl-Laptop      ; Windows Vista ; 6.2        ; x86_64         ;
; Classic Timing Analyzer ; Karl-Laptop      ; Windows Vista ; 6.2        ; x86_64         ;
; EDA Netlist Writer      ; Karl-Laptop      ; Windows Vista ; 6.2        ; x86_64         ;
+-------------------------+------------------+---------------+------------+----------------+


------------
; Flow Log ;
------------
quartus_map --read_settings_files=on --write_settings_files=off ov7670_top -c ov7670_top
quartus_fit --read_settings_files=off --write_settings_files=off ov7670_top -c ov7670_top
quartus_asm --read_settings_files=off --write_settings_files=off ov7670_top -c ov7670_top
quartus_tan --read_settings_files=off --write_settings_files=off ov7670_top -c ov7670_top --timing_analysis_only
quartus_eda --read_settings_files=off --write_settings_files=off ov7670_top -c ov7670_top



