Analysis & Synthesis report for Uart
Fri Jun 02 00:33:45 2017
Quartus II Version 9.1 Build 222 10/21/2009 SJ Full Version


---------------------
; Table of Contents ;
---------------------
  1. Legal Notice
  2. Analysis & Synthesis Summary
  3. Analysis & Synthesis Settings
  4. Parallel Compilation
  5. Analysis & Synthesis Source Files Read
  6. Analysis & Synthesis Resource Usage Summary
  7. Analysis & Synthesis Resource Utilization by Entity
  8. State Machine - |Uart|transfer:inst2|state
  9. State Machine - |Uart|reciever:inst1|state
 10. Registers Removed During Synthesis
 11. General Register Statistics
 12. Inverted Register Statistics
 13. Multiplexer Restructuring Statistics (Restructuring Performed)
 14. Parameter Settings for User Entity Instance: reciever:inst1
 15. Parameter Settings for User Entity Instance: transfer:inst2
 16. Analysis & Synthesis Messages



----------------
; Legal Notice ;
----------------
Copyright (C) 1991-2009 Altera Corporation
Your use of Altera Corporation's design tools, logic functions 
and other software and tools, and its AMPP partner logic 
functions, and any output files from any of the foregoing 
(including device programming or simulation files), and any 
associated documentation or information are expressly subject 
to the terms and conditions of the Altera Program License 
Subscription Agreement, Altera MegaCore Function License 
Agreement, or other applicable license agreement, including, 
without limitation, that your use is for the sole purpose of 
programming logic devices manufactured by Altera and sold by 
Altera or its authorized distributors.  Please refer to the 
applicable agreement for further details.



+-------------------------------------------------------------------------------+
; Analysis & Synthesis Summary                                                  ;
+------------------------------------+------------------------------------------+
; Analysis & Synthesis Status        ; Successful - Fri Jun 02 00:33:45 2017    ;
; Quartus II Version                 ; 9.1 Build 222 10/21/2009 SJ Full Version ;
; Revision Name                      ; Uart                                     ;
; Top-level Entity Name              ; Uart                                     ;
; Family                             ; Cyclone II                               ;
; Total logic elements               ; 229                                      ;
;     Total combinational functions  ; 221                                      ;
;     Dedicated logic registers      ; 134                                      ;
; Total registers                    ; 134                                      ;
; Total pins                         ; 23                                       ;
; Total virtual pins                 ; 0                                        ;
; Total memory bits                  ; 0                                        ;
; Embedded Multiplier 9-bit elements ; 0                                        ;
; Total PLLs                         ; 0                                        ;
+------------------------------------+------------------------------------------+


+----------------------------------------------------------------------------------------------------------------------+
; Analysis & Synthesis Settings                                                                                        ;
+----------------------------------------------------------------------------+--------------------+--------------------+
; Option                                                                     ; Setting            ; Default Value      ;
+----------------------------------------------------------------------------+--------------------+--------------------+
; Device                                                                     ; EP2C70F672C8       ;                    ;
; Top-level entity name                                                      ; Uart               ; Uart               ;
; Family name                                                                ; Cyclone II         ; Stratix II         ;
; Optimization Technique                                                     ; Speed              ; Balanced           ;
; Use Generated Physical Constraints File                                    ; Off                ;                    ;
; Use smart compilation                                                      ; Off                ; Off                ;
; Enable parallel Assembler and TimeQuest Timing Analyzer during compilation ; On                 ; On                 ;
; Enable compact report table                                                ; Off                ; Off                ;
; Restructure Multiplexers                                                   ; Auto               ; Auto               ;
; Create Debugging Nodes for IP Cores                                        ; Off                ; Off                ;
; Preserve fewer node names                                                  ; On                 ; On                 ;
; Disable OpenCore Plus hardware evaluation                                  ; Off                ; Off                ;
; Verilog Version                                                            ; Verilog_2001       ; Verilog_2001       ;
; VHDL Version                                                               ; VHDL_1993          ; VHDL_1993          ;
; State Machine Processing                                                   ; Auto               ; Auto               ;
; Safe State Machine                                                         ; Off                ; Off                ;
; Extract Verilog State Machines                                             ; On                 ; On                 ;
; Extract VHDL State Machines                                                ; On                 ; On                 ;
; Ignore Verilog initial constructs                                          ; Off                ; Off                ;
; Iteration limit for constant Verilog loops                                 ; 5000               ; 5000               ;
; Iteration limit for non-constant Verilog loops                             ; 250                ; 250                ;
; Add Pass-Through Logic to Inferred RAMs                                    ; On                 ; On                 ;
; Parallel Synthesis                                                         ; On                 ; On                 ;
; DSP Block Balancing                                                        ; Auto               ; Auto               ;
; NOT Gate Push-Back                                                         ; On                 ; On                 ;
; Power-Up Don't Care                                                        ; On                 ; On                 ;
; Remove Redundant Logic Cells                                               ; Off                ; Off                ;
; Remove Duplicate Registers                                                 ; On                 ; On                 ;
; Ignore CARRY Buffers                                                       ; Off                ; Off                ;
; Ignore CASCADE Buffers                                                     ; Off                ; Off                ;
; Ignore GLOBAL Buffers                                                      ; Off                ; Off                ;
; Ignore ROW GLOBAL Buffers                                                  ; Off                ; Off                ;
; Ignore LCELL Buffers                                                       ; Off                ; Off                ;
; Ignore SOFT Buffers                                                        ; On                 ; On                 ;
; Limit AHDL Integers to 32 Bits                                             ; Off                ; Off                ;
; Carry Chain Length                                                         ; 70                 ; 70                 ;
; Auto Carry Chains                                                          ; On                 ; On                 ;
; Auto Open-Drain Pins                                                       ; On                 ; On                 ;
; Perform WYSIWYG Primitive Resynthesis                                      ; Off                ; Off                ;
; Auto ROM Replacement                                                       ; On                 ; On                 ;
; Auto RAM Replacement                                                       ; On                 ; On                 ;
; Auto Shift Register Replacement                                            ; Auto               ; Auto               ;
; Auto Clock Enable Replacement                                              ; On                 ; On                 ;
; Strict RAM Replacement                                                     ; Off                ; Off                ;
; Allow Synchronous Control Signals                                          ; On                 ; On                 ;
; Force Use of Synchronous Clear Signals                                     ; Off                ; Off                ;
; Auto RAM to Logic Cell Conversion                                          ; Off                ; Off                ;
; Auto Resource Sharing                                                      ; Off                ; Off                ;
; Allow Any RAM Size For Recognition                                         ; Off                ; Off                ;
; Allow Any ROM Size For Recognition                                         ; Off                ; Off                ;
; Allow Any Shift Register Size For Recognition                              ; Off                ; Off                ;
; Use LogicLock Constraints during Resource Balancing                        ; On                 ; On                 ;
; Ignore translate_off and synthesis_off directives                          ; Off                ; Off                ;
; Timing-Driven Synthesis                                                    ; Off                ; Off                ;
; Show Parameter Settings Tables in Synthesis Report                         ; On                 ; On                 ;
; Ignore Maximum Fan-Out Assignments                                         ; Off                ; Off                ;
; Synchronization Register Chain Length                                      ; 2                  ; 2                  ;
; PowerPlay Power Optimization                                               ; Normal compilation ; Normal compilation ;
; HDL message level                                                          ; Level2             ; Level2             ;
; Suppress Register Optimization Related Messages                            ; Off                ; Off                ;
; Number of Removed Registers Reported in Synthesis Report                   ; 100                ; 100                ;
; Number of Inverted Registers Reported in Synthesis Report                  ; 100                ; 100                ;
; Clock MUX Protection                                                       ; On                 ; On                 ;
; Auto Gated Clock Conversion                                                ; Off                ; Off                ;
; Block Design Naming                                                        ; Auto               ; Auto               ;
; SDC constraint protection                                                  ; Off                ; Off                ;
; Synthesis Effort                                                           ; Auto               ; Auto               ;
; Shift Register Replacement - Allow Asynchronous Clear Signal               ; On                 ; On                 ;
; Analysis & Synthesis Message Level                                         ; Medium             ; Medium             ;
; Disable Register Merging Across Hierarchies                                ; Auto               ; Auto               ;
; Resource Aware Inference For Block RAM                                     ; On                 ; On                 ;
+----------------------------------------------------------------------------+--------------------+--------------------+


+------------------------------------------+
; Parallel Compilation                     ;
+----------------------------+-------------+
; Processors                 ; Number      ;
+----------------------------+-------------+
; Number detected on machine ; 2           ;
; Maximum allowed            ; 2           ;
;                            ;             ;
; Average used               ; 1.00        ;
; Maximum used               ; 1           ;
;                            ;             ;
; Usage by Processor         ; % Time Used ;
;     1 processor            ; 100.0%      ;
;     2 processors           ;   0.0%      ;
+----------------------------+-------------+


+------------------------------------------------------------------------------------------------------------------------------------+
; Analysis & Synthesis Source Files Read                                                                                             ;
+----------------------------------+-----------------+------------------------------------+------------------------------------------+
; File Name with User-Entered Path ; Used in Netlist ; File Type                          ; File Name with Absolute Path             ;
+----------------------------------+-----------------+------------------------------------+------------------------------------------+
; baud.vhd                         ; yes             ; User VHDL File                     ; C:/Users/cslab/Desktop/Uart/baud.vhd     ;
; transfer.vhd                     ; yes             ; User VHDL File                     ; C:/Users/cslab/Desktop/Uart/transfer.vhd ;
; reciever.vhd                     ; yes             ; User VHDL File                     ; C:/Users/cslab/Desktop/Uart/reciever.vhd ;
; Uart.bdf                         ; yes             ; User Block Diagram/Schematic File  ; C:/Users/cslab/Desktop/Uart/Uart.bdf     ;
+----------------------------------+-----------------+------------------------------------+------------------------------------------+


+--------------------------------------------------------------+
; Analysis & Synthesis Resource Usage Summary                  ;
+---------------------------------------------+----------------+
; Resource                                    ; Usage          ;
+---------------------------------------------+----------------+
; Estimated Total logic elements              ; 229            ;
;                                             ;                ;
; Total combinational functions               ; 221            ;
; Logic element usage by number of LUT inputs ;                ;
;     -- 4 input functions                    ; 69             ;
;     -- 3 input functions                    ; 18             ;
;     -- <=2 input functions                  ; 134            ;
;                                             ;                ;
; Logic elements by mode                      ;                ;
;     -- normal mode                          ; 128            ;
;     -- arithmetic mode                      ; 93             ;
;                                             ;                ;
; Total registers                             ; 134            ;
;     -- Dedicated logic registers            ; 134            ;
;     -- I/O registers                        ; 0              ;
;                                             ;                ;
; I/O pins                                    ; 23             ;
; Maximum fan-out node                        ; baud:inst|bclk ;
; Maximum fan-out                             ; 101            ;
; Total fan-out                               ; 1068           ;
; Average fan-out                             ; 2.83           ;
+---------------------------------------------+----------------+


+------------------------------------------------------------------------------------------------------------------------------------------------------------------------------+
; Analysis & Synthesis Resource Utilization by Entity                                                                                                                          ;
+----------------------------+-------------------+--------------+-------------+--------------+---------+-----------+------+--------------+----------------------+--------------+
; Compilation Hierarchy Node ; LC Combinationals ; LC Registers ; Memory Bits ; DSP Elements ; DSP 9x9 ; DSP 18x18 ; Pins ; Virtual Pins ; Full Hierarchy Name  ; Library Name ;
+----------------------------+-------------------+--------------+-------------+--------------+---------+-----------+------+--------------+----------------------+--------------+
; |Uart                      ; 221 (0)           ; 134 (0)      ; 0           ; 0            ; 0       ; 0         ; 23   ; 0            ; |Uart                ; work         ;
;    |baud:inst|             ; 75 (75)           ; 33 (33)      ; 0           ; 0            ; 0       ; 0         ; 0    ; 0            ; |Uart|baud:inst      ;              ;
;    |reciever:inst1|        ; 78 (78)           ; 58 (58)      ; 0           ; 0            ; 0       ; 0         ; 0    ; 0            ; |Uart|reciever:inst1 ;              ;
;    |transfer:inst2|        ; 68 (68)           ; 43 (43)      ; 0           ; 0            ; 0       ; 0         ; 0    ; 0            ; |Uart|transfer:inst2 ;              ;
+----------------------------+-------------------+--------------+-------------+--------------+---------+-----------+------+--------------+----------------------+--------------+
Note: For table entries with two numbers listed, the numbers in parentheses indicate the number of resources of the given type used by the specific entity alone. The numbers listed outside of parentheses indicate the total resources of the given type used by the specific entity and all of its sub-entities in the hierarchy.


Encoding Type:  One-Hot
+--------------------------------------------------------------------------------------------+
; State Machine - |Uart|transfer:inst2|state                                                 ;
+---------------+--------------+---------------+--------------+---------------+--------------+
; Name          ; state.x_stop ; state.x_shift ; state.x_wait ; state.x_start ; state.x_idle ;
+---------------+--------------+---------------+--------------+---------------+--------------+
; state.x_idle  ; 0            ; 0             ; 0            ; 0             ; 0            ;
; state.x_start ; 0            ; 0             ; 0            ; 1             ; 1            ;
; state.x_wait  ; 0            ; 0             ; 1            ; 0             ; 1            ;
; state.x_shift ; 0            ; 1             ; 0            ; 0             ; 1            ;
; state.x_stop  ; 1            ; 0             ; 0            ; 0             ; 1            ;
+---------------+--------------+---------------+--------------+---------------+--------------+


Encoding Type:  One-Hot
+------------------------------------------------------------------------------------------------+
; State Machine - |Uart|reciever:inst1|state                                                     ;
+----------------+--------------+----------------+--------------+----------------+---------------+
; Name           ; state.r_stop ; state.r_sample ; state.r_wait ; state.r_center ; state.r_start ;
+----------------+--------------+----------------+--------------+----------------+---------------+
; state.r_start  ; 0            ; 0              ; 0            ; 0              ; 0             ;
; state.r_center ; 0            ; 0              ; 0            ; 1              ; 1             ;
; state.r_wait   ; 0            ; 0              ; 1            ; 0              ; 1             ;
; state.r_sample ; 0            ; 1              ; 0            ; 0              ; 1             ;
; state.r_stop   ; 1            ; 0              ; 0            ; 0              ; 1             ;
+----------------+--------------+----------------+--------------+----------------+---------------+


+--------------------------------------------------------------------------------+
; Registers Removed During Synthesis                                             ;
+---------------------------------------+----------------------------------------+
; Register name                         ; Reason for Removal                     ;
+---------------------------------------+----------------------------------------+
; transfer:inst2|xcnt16[4]              ; Stuck at GND due to stuck port data_in ;
; Total Number of Removed Registers = 1 ;                                        ;
+---------------------------------------+----------------------------------------+


+------------------------------------------------------+
; General Register Statistics                          ;
+----------------------------------------------+-------+
; Statistic                                    ; Value ;
+----------------------------------------------+-------+
; Total registers                              ; 134   ;
; Number of registers using Synchronous Clear  ; 64    ;
; Number of registers using Synchronous Load   ; 0     ;
; Number of registers using Asynchronous Clear ; 49    ;
; Number of registers using Asynchronous Load  ; 0     ;
; Number of registers using Clock Enable       ; 81    ;
; Number of registers using Preset             ; 0     ;
+----------------------------------------------+-------+


+--------------------------------------------------+
; Inverted Register Statistics                     ;
+----------------------------------------+---------+
; Inverted Register                      ; Fan out ;
+----------------------------------------+---------+
; transfer:inst2|txds                    ; 2       ;
; Total number of inverted registers = 1 ;         ;
+----------------------------------------+---------+


+---------------------------------------------------------------------------------------------------------------------------------------------------+
; Multiplexer Restructuring Statistics (Restructuring Performed)                                                                                    ;
+--------------------+-----------+---------------+----------------------+------------------------+------------+-------------------------------------+
; Multiplexer Inputs ; Bus Width ; Baseline Area ; Area if Restructured ; Saving if Restructured ; Registered ; Example Multiplexer Output          ;
+--------------------+-----------+---------------+----------------------+------------------------+------------+-------------------------------------+
; 4:1                ; 32 bits   ; 64 LEs        ; 32 LEs               ; 32 LEs                 ; Yes        ; |Uart|reciever:inst1|\pro2:rcnt[21] ;
; 5:1                ; 32 bits   ; 96 LEs        ; 32 LEs               ; 64 LEs                 ; Yes        ; |Uart|transfer:inst2|xbitcnt[19]    ;
; 6:1                ; 4 bits    ; 16 LEs        ; 4 LEs                ; 12 LEs                 ; Yes        ; |Uart|reciever:inst1|\pro2:count[0] ;
; 7:1                ; 5 bits    ; 20 LEs        ; 5 LEs                ; 15 LEs                 ; Yes        ; |Uart|transfer:inst2|xcnt16[4]      ;
; 3:1                ; 2 bits    ; 4 LEs         ; 2 LEs                ; 2 LEs                  ; No         ; |Uart|reciever:inst1|state          ;
+--------------------+-----------+---------------+----------------------+------------------------+------------+-------------------------------------+


+-------------------------------------------------------------+
; Parameter Settings for User Entity Instance: reciever:inst1 ;
+----------------+-------+------------------------------------+
; Parameter Name ; Value ; Type                               ;
+----------------+-------+------------------------------------+
; framlenr       ; 8     ; Untyped                            ;
+----------------+-------+------------------------------------+
Note: In order to hide this table in the UI and the text report file, please set the "Show Parameter Settings Tables in Synthesis Report" option in "Analysis and Synthesis Settings -> More Settings" to "Off".


+-------------------------------------------------------------+
; Parameter Settings for User Entity Instance: transfer:inst2 ;
+----------------+-------+------------------------------------+
; Parameter Name ; Value ; Type                               ;
+----------------+-------+------------------------------------+
; framlent       ; 8     ; Untyped                            ;
+----------------+-------+------------------------------------+
Note: In order to hide this table in the UI and the text report file, please set the "Show Parameter Settings Tables in Synthesis Report" option in "Analysis and Synthesis Settings -> More Settings" to "Off".


+-------------------------------+
; Analysis & Synthesis Messages ;
+-------------------------------+
Info: *******************************************************************
Info: Running Quartus II Analysis & Synthesis
    Info: Version 9.1 Build 222 10/21/2009 SJ Full Version
    Info: Processing started: Fri Jun 02 00:33:43 2017
Info: Command: quartus_map --read_settings_files=on --write_settings_files=off Uart -c Uart
Info: Parallel compilation is enabled and will use 2 of the 2 processors detected
Info: Found 2 design units, including 1 entities, in source file baud.vhd
    Info: Found design unit 1: baud-behave
    Info: Found entity 1: baud
Info: Found 2 design units, including 1 entities, in source file transfer.vhd
    Info: Found design unit 1: transfer-behave
    Info: Found entity 1: transfer
Info: Found 2 design units, including 1 entities, in source file reciever.vhd
    Info: Found design unit 1: reciever-behave
    Info: Found entity 1: reciever
Info: Found 1 design units, including 1 entities, in source file uart.bdf
    Info: Found entity 1: Uart
Info: Elaborating entity "Uart" for the top level hierarchy
Info: Elaborating entity "reciever" for hierarchy "reciever:inst1"
Info: Elaborating entity "baud" for hierarchy "baud:inst"
Info: Elaborating entity "transfer" for hierarchy "transfer:inst2"
Warning (10542): VHDL Variable Declaration warning at transfer.vhd(25): used initial value expression for variable "buf" because variable was never assigned a value
Info: Registers with preset signals will power-up high
Info: DEV_CLRn pin will set, and not reset, register with preset signal due to NOT Gate Push-Back
Critical Warning: Ignored Power-Up Level option on the following registers
    Critical Warning (18010): Register baud:inst|cnt[31] will power up to Low
    Critical Warning (18010): Register baud:inst|cnt[0] will power up to Low
Warning: Design contains 8 input pin(s) that do not drive logic
    Warning (15610): No output dependent on input pin "txdbuf_in[7]"
    Warning (15610): No output dependent on input pin "txdbuf_in[6]"
    Warning (15610): No output dependent on input pin "txdbuf_in[5]"
    Warning (15610): No output dependent on input pin "txdbuf_in[4]"
    Warning (15610): No output dependent on input pin "txdbuf_in[3]"
    Warning (15610): No output dependent on input pin "txdbuf_in[2]"
    Warning (15610): No output dependent on input pin "txdbuf_in[1]"
    Warning (15610): No output dependent on input pin "txdbuf_in[0]"
Info: Implemented 253 device resources after synthesis - the final resource count might be different
    Info: Implemented 12 input pins
    Info: Implemented 11 output pins
    Info: Implemented 230 logic cells
Info: Quartus II Analysis & Synthesis was successful. 0 errors, 13 warnings
    Info: Peak virtual memory: 220 megabytes
    Info: Processing ended: Fri Jun 02 00:33:45 2017
    Info: Elapsed time: 00:00:02
    Info: Total CPU time (on all processors): 00:00:02


