Analysis & Synthesis report for action2
Fri Jun 09 08:00:14 2017
Quartus II Version 9.0 Build 132 02/25/2009 SJ Full Version


---------------------
; Table of Contents ;
---------------------
  1. Legal Notice
  2. Analysis & Synthesis Summary
  3. Analysis & Synthesis Settings
  4. Analysis & Synthesis Source Files Read
  5. Analysis & Synthesis Resource Usage Summary
  6. Analysis & Synthesis Resource Utilization by Entity
  7. State Machine - |action2|state
  8. State Machine - |action2|transfer:tran|state
  9. Registers Removed During Synthesis
 10. General Register Statistics
 11. Inverted Register Statistics
 12. Multiplexer Restructuring Statistics (Restructuring Performed)
 13. Parameter Settings for User Entity Instance: transfer:tran
 14. Analysis & Synthesis Messages



----------------
; Legal Notice ;
----------------
Copyright (C) 1991-2009 Altera Corporation
Your use of Altera Corporation's design tools, logic functions 
and other software and tools, and its AMPP partner logic 
functions, and any output files from any of the foregoing 
(including device programming or simulation files), and any 
associated documentation or information are expressly subject 
to the terms and conditions of the Altera Program License 
Subscription Agreement, Altera MegaCore Function License 
Agreement, or other applicable license agreement, including, 
without limitation, that your use is for the sole purpose of 
programming logic devices manufactured by Altera and sold by 
Altera or its authorized distributors.  Please refer to the 
applicable agreement for further details.



+-------------------------------------------------------------------------------+
; Analysis & Synthesis Summary                                                  ;
+------------------------------------+------------------------------------------+
; Analysis & Synthesis Status        ; Successful - Fri Jun 09 08:00:14 2017    ;
; Quartus II Version                 ; 9.0 Build 132 02/25/2009 SJ Full Version ;
; Revision Name                      ; action2                                  ;
; Top-level Entity Name              ; action2                                  ;
; Family                             ; Cyclone II                               ;
; Total logic elements               ; 413                                      ;
;     Total combinational functions  ; 413                                      ;
;     Dedicated logic registers      ; 195                                      ;
; Total registers                    ; 195                                      ;
; Total pins                         ; 21                                       ;
; Total virtual pins                 ; 0                                        ;
; Total memory bits                  ; 0                                        ;
; Embedded Multiplier 9-bit elements ; 0                                        ;
; Total PLLs                         ; 0                                        ;
+------------------------------------+------------------------------------------+


+----------------------------------------------------------------------------------------------------------+
; Analysis & Synthesis Settings                                                                            ;
+----------------------------------------------------------------+--------------------+--------------------+
; Option                                                         ; Setting            ; Default Value      ;
+----------------------------------------------------------------+--------------------+--------------------+
; Device                                                         ; EP2C70F672C8       ;                    ;
; Top-level entity name                                          ; action2            ; action2            ;
; Family name                                                    ; Cyclone II         ; Stratix II         ;
; Use Generated Physical Constraints File                        ; Off                ;                    ;
; Use smart compilation                                          ; Off                ; Off                ;
; Restructure Multiplexers                                       ; Auto               ; Auto               ;
; Create Debugging Nodes for IP Cores                            ; Off                ; Off                ;
; Preserve fewer node names                                      ; On                 ; On                 ;
; Disable OpenCore Plus hardware evaluation                      ; Off                ; Off                ;
; Verilog Version                                                ; Verilog_2001       ; Verilog_2001       ;
; VHDL Version                                                   ; VHDL93             ; VHDL93             ;
; State Machine Processing                                       ; Auto               ; Auto               ;
; Safe State Machine                                             ; Off                ; Off                ;
; Extract Verilog State Machines                                 ; On                 ; On                 ;
; Extract VHDL State Machines                                    ; On                 ; On                 ;
; Ignore Verilog initial constructs                              ; Off                ; Off                ;
; Iteration limit for constant Verilog loops                     ; 5000               ; 5000               ;
; Iteration limit for non-constant Verilog loops                 ; 250                ; 250                ;
; Add Pass-Through Logic to Inferred RAMs                        ; On                 ; On                 ;
; Parallel Synthesis                                             ; Off                ; Off                ;
; DSP Block Balancing                                            ; Auto               ; Auto               ;
; NOT Gate Push-Back                                             ; On                 ; On                 ;
; Power-Up Don't Care                                            ; On                 ; On                 ;
; Remove Redundant Logic Cells                                   ; Off                ; Off                ;
; Remove Duplicate Registers                                     ; On                 ; On                 ;
; Ignore CARRY Buffers                                           ; Off                ; Off                ;
; Ignore CASCADE Buffers                                         ; Off                ; Off                ;
; Ignore GLOBAL Buffers                                          ; Off                ; Off                ;
; Ignore ROW GLOBAL Buffers                                      ; Off                ; Off                ;
; Ignore LCELL Buffers                                           ; Off                ; Off                ;
; Ignore SOFT Buffers                                            ; On                 ; On                 ;
; Limit AHDL Integers to 32 Bits                                 ; Off                ; Off                ;
; Optimization Technique                                         ; Balanced           ; Balanced           ;
; Carry Chain Length                                             ; 70                 ; 70                 ;
; Auto Carry Chains                                              ; On                 ; On                 ;
; Auto Open-Drain Pins                                           ; On                 ; On                 ;
; Perform WYSIWYG Primitive Resynthesis                          ; Off                ; Off                ;
; Auto ROM Replacement                                           ; On                 ; On                 ;
; Auto RAM Replacement                                           ; On                 ; On                 ;
; Auto Shift Register Replacement                                ; Auto               ; Auto               ;
; Auto Clock Enable Replacement                                  ; On                 ; On                 ;
; Strict RAM Replacement                                         ; Off                ; Off                ;
; Allow Synchronous Control Signals                              ; On                 ; On                 ;
; Force Use of Synchronous Clear Signals                         ; Off                ; Off                ;
; Auto RAM to Logic Cell Conversion                              ; Off                ; Off                ;
; Auto Resource Sharing                                          ; Off                ; Off                ;
; Allow Any RAM Size For Recognition                             ; Off                ; Off                ;
; Allow Any ROM Size For Recognition                             ; Off                ; Off                ;
; Allow Any Shift Register Size For Recognition                  ; Off                ; Off                ;
; Use LogicLock Constraints during Resource Balancing            ; On                 ; On                 ;
; Ignore translate_off and synthesis_off directives              ; Off                ; Off                ;
; Timing-Driven Synthesis                                        ; Off                ; Off                ;
; Show Parameter Settings Tables in Synthesis Report             ; On                 ; On                 ;
; Ignore Maximum Fan-Out Assignments                             ; Off                ; Off                ;
; Synchronization Register Chain Length                          ; 2                  ; 2                  ;
; PowerPlay Power Optimization                                   ; Normal compilation ; Normal compilation ;
; HDL message level                                              ; Level2             ; Level2             ;
; Suppress Register Optimization Related Messages                ; Off                ; Off                ;
; Number of Removed Registers Reported in Synthesis Report       ; 100                ; 100                ;
; Number of Inverted Registers Reported in Synthesis Report      ; 100                ; 100                ;
; Clock MUX Protection                                           ; On                 ; On                 ;
; Auto Gated Clock Conversion                                    ; Off                ; Off                ;
; Block Design Naming                                            ; Auto               ; Auto               ;
; SDC constraint protection                                      ; Off                ; Off                ;
; Synthesis Effort                                               ; Auto               ; Auto               ;
; Allows Asynchronous Clear Usage For Shift Register Replacement ; On                 ; On                 ;
; Analysis & Synthesis Message Level                             ; Medium             ; Medium             ;
+----------------------------------------------------------------+--------------------+--------------------+


+---------------------------------------------------------------------------------------------------------------------------------+
; Analysis & Synthesis Source Files Read                                                                                          ;
+----------------------------------+-----------------+-----------------------+----------------------------------------------------+
; File Name with User-Entered Path ; Used in Netlist ; File Type             ; File Name with Absolute Path                       ;
+----------------------------------+-----------------+-----------------------+----------------------------------------------------+
; action2.vhd                      ; yes             ; Auto-Found VHDL File  ; D:/code/vhdl/red_packet_robot/action2/action2.vhd  ;
; baud.vhd                         ; yes             ; Auto-Found VHDL File  ; D:/code/vhdl/red_packet_robot/action2/baud.vhd     ;
; transfer.vhd                     ; yes             ; Auto-Found VHDL File  ; D:/code/vhdl/red_packet_robot/action2/transfer.vhd ;
+----------------------------------+-----------------+-----------------------+----------------------------------------------------+


+-----------------------------------------------------+
; Analysis & Synthesis Resource Usage Summary         ;
+---------------------------------------------+-------+
; Resource                                    ; Usage ;
+---------------------------------------------+-------+
; Estimated Total logic elements              ; 413   ;
;                                             ;       ;
; Total combinational functions               ; 413   ;
; Logic element usage by number of LUT inputs ;       ;
;     -- 4 input functions                    ; 152   ;
;     -- 3 input functions                    ; 23    ;
;     -- <=2 input functions                  ; 238   ;
;                                             ;       ;
; Logic elements by mode                      ;       ;
;     -- normal mode                          ; 254   ;
;     -- arithmetic mode                      ; 159   ;
;                                             ;       ;
; Total registers                             ; 195   ;
;     -- Dedicated logic registers            ; 195   ;
;     -- I/O registers                        ; 0     ;
;                                             ;       ;
; I/O pins                                    ; 21    ;
; Maximum fan-out node                        ; reset ;
; Maximum fan-out                             ; 116   ;
; Total fan-out                               ; 1830  ;
; Average fan-out                             ; 2.91  ;
+---------------------------------------------+-------+


+--------------------------------------------------------------------------------------------------------------------------------------------------------------------------------+
; Analysis & Synthesis Resource Utilization by Entity                                                                                                                            ;
+----------------------------+-------------------+--------------+-------------+--------------+---------+-----------+------+--------------+------------------------+--------------+
; Compilation Hierarchy Node ; LC Combinationals ; LC Registers ; Memory Bits ; DSP Elements ; DSP 9x9 ; DSP 18x18 ; Pins ; Virtual Pins ; Full Hierarchy Name    ; Library Name ;
+----------------------------+-------------------+--------------+-------------+--------------+---------+-----------+------+--------------+------------------------+--------------+
; |action2                   ; 413 (169)         ; 195 (78)     ; 0           ; 0            ; 0       ; 0         ; 21   ; 0            ; |action2               ; work         ;
;    |baud:bd|               ; 75 (75)           ; 33 (33)      ; 0           ; 0            ; 0       ; 0         ; 0    ; 0            ; |action2|baud:bd       ; work         ;
;    |transfer:tran|         ; 169 (169)         ; 84 (84)      ; 0           ; 0            ; 0       ; 0         ; 0    ; 0            ; |action2|transfer:tran ; work         ;
+----------------------------+-------------------+--------------+-------------+--------------+---------+-----------+------+--------------+------------------------+--------------+
Note: For table entries with two numbers listed, the numbers in parentheses indicate the number of resources of the given type used by the specific entity alone. The numbers listed outside of parentheses indicate the total resources of the given type used by the specific entity and all of its sub-entities in the hierarchy.


Encoding Type:  One-Hot
+---------------------------------------------------------------------------------------+
; State Machine - |action2|state                                                        ;
+--------------+-------------+--------------+--------------+-------------+--------------+
; Name         ; state.s_end ; state.s_wait ; state.s_tran ; state.s_cal ; state.s_idle ;
+--------------+-------------+--------------+--------------+-------------+--------------+
; state.s_idle ; 0           ; 0            ; 0            ; 0           ; 0            ;
; state.s_cal  ; 0           ; 0            ; 0            ; 1           ; 1            ;
; state.s_tran ; 0           ; 0            ; 1            ; 0           ; 1            ;
; state.s_wait ; 0           ; 1            ; 0            ; 0           ; 1            ;
; state.s_end  ; 1           ; 0            ; 0            ; 0           ; 1            ;
+--------------+-------------+--------------+--------------+-------------+--------------+


Encoding Type:  One-Hot
+--------------------------------------------------------------------------------------------+
; State Machine - |action2|transfer:tran|state                                               ;
+---------------+--------------+---------------+--------------+---------------+--------------+
; Name          ; state.x_stop ; state.x_shift ; state.x_wait ; state.x_start ; state.x_idle ;
+---------------+--------------+---------------+--------------+---------------+--------------+
; state.x_idle  ; 0            ; 0             ; 0            ; 0             ; 0            ;
; state.x_start ; 0            ; 0             ; 0            ; 1             ; 1            ;
; state.x_wait  ; 0            ; 0             ; 1            ; 0             ; 1            ;
; state.x_shift ; 0            ; 1             ; 0            ; 0             ; 1            ;
; state.x_stop  ; 1            ; 0             ; 0            ; 0             ; 1            ;
+---------------+--------------+---------------+--------------+---------------+--------------+


+---------------------------------------------------------------------------------+
; Registers Removed During Synthesis                                              ;
+----------------------------------------+----------------------------------------+
; Register name                          ; Reason for Removal                     ;
+----------------------------------------+----------------------------------------+
; buf1[0,2..7]                           ; Stuck at GND due to stuck port data_in ;
; buf2[3..7]                             ; Stuck at GND due to stuck port data_in ;
; buf3[1]                                ; Stuck at GND due to stuck port data_in ;
; buf4[4..7]                             ; Stuck at GND due to stuck port data_in ;
; buf0[0..6]                             ; Merged with buf0[7]                    ;
; buf1[1]                                ; Merged with buf0[7]                    ;
; buf3[3]                                ; Merged with buf0[7]                    ;
; buf3[7]                                ; Merged with buf2[1]                    ;
; buf4[0]                                ; Merged with buf3[6]                    ;
; buf4[2]                                ; Merged with buf3[2]                    ;
; buf0[7]                                ; Stuck at VCC due to stuck port data_in ;
; buf2[2]                                ; Merged with buf2[1]                    ;
; buf4[3]                                ; Merged with buf3[6]                    ;
; buf2[0]                                ; Merged with buf3[5]                    ;
; Total Number of Removed Registers = 33 ;                                        ;
+----------------------------------------+----------------------------------------+


+------------------------------------------------------+
; General Register Statistics                          ;
+----------------------------------------------+-------+
; Statistic                                    ; Value ;
+----------------------------------------------+-------+
; Total registers                              ; 195   ;
; Number of registers using Synchronous Clear  ; 32    ;
; Number of registers using Synchronous Load   ; 32    ;
; Number of registers using Asynchronous Clear ; 110   ;
; Number of registers using Asynchronous Load  ; 0     ;
; Number of registers using Clock Enable       ; 85    ;
; Number of registers using Preset             ; 0     ;
+----------------------------------------------+-------+


+--------------------------------------------------+
; Inverted Register Statistics                     ;
+----------------------------------------+---------+
; Inverted Register                      ; Fan out ;
+----------------------------------------+---------+
; transfer:tran|txds                     ; 2       ;
; transfer:tran|txd_done                 ; 7       ;
; Total number of inverted registers = 2 ;         ;
+----------------------------------------+---------+


+-------------------------------------------------------------------------------------------------------------------------------------------------+
; Multiplexer Restructuring Statistics (Restructuring Performed)                                                                                  ;
+--------------------+-----------+---------------+----------------------+------------------------+------------+-----------------------------------+
; Multiplexer Inputs ; Bus Width ; Baseline Area ; Area if Restructured ; Saving if Restructured ; Registered ; Example Multiplexer Output        ;
+--------------------+-----------+---------------+----------------------+------------------------+------------+-----------------------------------+
; 3:1                ; 32 bits   ; 64 LEs        ; 32 LEs               ; 32 LEs                 ; Yes        ; |action2|transfer:tran|cnt[20]    ;
; 5:1                ; 11 bits   ; 33 LEs        ; 22 LEs               ; 11 LEs                 ; Yes        ; |action2|buf3[6]                  ;
; 5:1                ; 32 bits   ; 96 LEs        ; 32 LEs               ; 64 LEs                 ; Yes        ; |action2|transfer:tran|xbitcnt[7] ;
; 7:1                ; 5 bits    ; 20 LEs        ; 5 LEs                ; 15 LEs                 ; Yes        ; |action2|transfer:tran|xcnt16[1]  ;
; 3:1                ; 2 bits    ; 4 LEs         ; 4 LEs                ; 0 LEs                  ; No         ; |action2|transfer:tran|state~4    ;
; 9:1                ; 2 bits    ; 12 LEs        ; 4 LEs                ; 8 LEs                  ; No         ; |action2|Selector35               ;
+--------------------+-----------+---------------+----------------------+------------------------+------------+-----------------------------------+


+------------------------------------------------------------+
; Parameter Settings for User Entity Instance: transfer:tran ;
+----------------+-------+-----------------------------------+
; Parameter Name ; Value ; Type                              ;
+----------------+-------+-----------------------------------+
; framlent       ; 8     ; Signed Integer                    ;
+----------------+-------+-----------------------------------+
Note: In order to hide this table in the UI and the text report file, please set the "Show Parameter Settings Tables in Synthesis Report" option in "Analysis and Synthesis Settings -> More Settings" to "Off".


+-------------------------------+
; Analysis & Synthesis Messages ;
+-------------------------------+
Info: *******************************************************************
Info: Running Quartus II Analysis & Synthesis
    Info: Version 9.0 Build 132 02/25/2009 SJ Full Version
    Info: Processing started: Fri Jun 09 08:00:12 2017
Info: Command: quartus_map --read_settings_files=on --write_settings_files=off action2 -c action2
Warning: Using design file action2.vhd, which is not specified as a design file for the current project, but contains definitions for 2 design units and 1 entities in project
    Info: Found design unit 1: action2-behave
    Info: Found entity 1: action2
Info: Elaborating entity "action2" for the top level hierarchy
Warning (10542): VHDL Variable Declaration warning at action2.vhd(78): used initial value expression for variable "action_num" because variable was never assigned a value
Warning: Using design file baud.vhd, which is not specified as a design file for the current project, but contains definitions for 2 design units and 1 entities in project
    Info: Found design unit 1: baud-behave
    Info: Found entity 1: baud
Info: Elaborating entity "baud" for hierarchy "baud:bd"
Warning: Using design file transfer.vhd, which is not specified as a design file for the current project, but contains definitions for 2 design units and 1 entities in project
    Info: Found design unit 1: transfer-behave
    Info: Found entity 1: transfer
Info: Elaborating entity "transfer" for hierarchy "transfer:tran"
Info: Registers with preset signals will power-up high
Info: DEV_CLRn pin will set, and not reset, register with preset signal due to NOT Gate Push-Back
Critical Warning: Ignored Power-Up Level option on the following registers
    Critical Warning: Register baud:bd|cnt[31] will power up to Low
    Critical Warning: Register baud:bd|cnt[0] will power up to Low
Warning: Design contains 16 input pin(s) that do not drive logic
    Warning (15610): No output dependent on input pin "x[0]"
    Warning (15610): No output dependent on input pin "x[1]"
    Warning (15610): No output dependent on input pin "x[2]"
    Warning (15610): No output dependent on input pin "x[3]"
    Warning (15610): No output dependent on input pin "x[4]"
    Warning (15610): No output dependent on input pin "x[5]"
    Warning (15610): No output dependent on input pin "x[6]"
    Warning (15610): No output dependent on input pin "x[7]"
    Warning (15610): No output dependent on input pin "y[0]"
    Warning (15610): No output dependent on input pin "y[1]"
    Warning (15610): No output dependent on input pin "y[2]"
    Warning (15610): No output dependent on input pin "y[3]"
    Warning (15610): No output dependent on input pin "y[4]"
    Warning (15610): No output dependent on input pin "y[5]"
    Warning (15610): No output dependent on input pin "y[6]"
    Warning (15610): No output dependent on input pin "y[7]"
Info: Implemented 436 device resources after synthesis - the final resource count might be different
    Info: Implemented 19 input pins
    Info: Implemented 2 output pins
    Info: Implemented 415 logic cells
Info: Quartus II Analysis & Synthesis was successful. 0 errors, 24 warnings
    Info: Peak virtual memory: 268 megabytes
    Info: Processing ended: Fri Jun 09 08:00:14 2017
    Info: Elapsed time: 00:00:02
    Info: Total CPU time (on all processors): 00:00:02


